# JRE version: OpenJDK Runtime Environment (11.0.11+9) (build 11.0.11+9-b60-7590822)
# Java VM: OpenJDK 64-Bit Server VM (11.0.11+9-b60-7590822, mixed mode, tiered, compressed oops, g1 gc, windows-amd64)
Heap:
 garbage-first heap   total 388096K, used 292145K [0x0000000080000000, 0x0000000100000000)
  region size 1024K, 87 young (89088K), 3 survivors (3072K)
 Metaspace       used 156640K, capacity 161510K, committed 162352K, reserved 1189888K
  class space    used 19459K, capacity 21276K, committed 21632K, reserved 1048576K
GC Heap History (20 events):
Event: 2072.586 GC heap before
{Heap before GC invocations=144 (full 0):
 garbage-first heap   total 388096K, used 207315K [0x0000000080000000, 0x0000000100000000)
  region size 1024K, 18 young (18432K), 2 survivors (2048K)
 Metaspace       used 155703K, capacity 160523K, committed 161328K, reserved 1189888K
  class space    used 19376K, capacity 21128K, committed 21632K, reserved 1048576K
}
Event: 2072.669 GC heap after
{Heap after GC invocations=145 (full 0):
 garbage-first heap   total 388096K, used 202993K [0x0000000080000000, 0x0000000100000000)
  region size 1024K, 3 young (3072K), 3 survivors (3072K)
 Metaspace       used 155703K, capacity 160523K, committed 161328K, reserved 1189888K
  class space    used 19376K, capacity 21128K, committed 21632K, reserved 1048576K
}
Event: 2073.040 GC heap before
{Heap before GC invocations=145 (full 0):
 garbage-first heap   total 388096K, used 217329K [0x0000000080000000, 0x0000000100000000)
  region size 1024K, 18 young (18432K), 3 survivors (3072K)
 Metaspace       used 155732K, capacity 160523K, committed 161328K, reserved 1189888K
  class space    used 19376K, capacity 21128K, committed 21632K, reserved 1048576K
}
Event: 2073.053 GC heap after
{Heap after GC invocations=146 (full 0):
 garbage-first heap   total 388096K, used 205513K [0x0000000080000000, 0x0000000100000000)
  region size 1024K, 2 young (2048K), 2 survivors (2048K)
 Metaspace       used 155732K, capacity 160523K, committed 161328K, reserved 1189888K
  class space    used 19376K, capacity 21128K, committed 21632K, reserved 1048576K
}
Event: 2078.379 GC heap before
{Heap before GC invocations=147 (full 0):
 garbage-first heap   total 388096K, used 263881K [0x0000000080000000, 0x0000000100000000)
  region size 1024K, 49 young (50176K), 2 survivors (2048K)
 Metaspace       used 155827K, capacity 160601K, committed 161584K, reserved 1189888K
  class space    used 19377K, capacity 21130K, committed 21632K, reserved 1048576K
}
Event: 2078.404 GC heap after
{Heap after GC invocations=148 (full 0):
 garbage-first heap   total 388096K, used 206047K [0x0000000080000000, 0x0000000100000000)
  region size 1024K, 7 young (7168K), 7 survivors (7168K)
 Metaspace       used 155827K, capacity 160601K, committed 161584K, reserved 1189888K
  class space    used 19377K, capacity 21130K, committed 21632K, reserved 1048576K
}
Event: 2078.482 GC heap before
{Heap before GC invocations=148 (full 0):
 garbage-first heap   total 388096K, used 217311K [0x0000000080000000, 0x0000000100000000)
  region size 1024K, 18 young (18432K), 7 survivors (7168K)
 Metaspace       used 155834K, capacity 160602K, committed 161584K, reserved 1189888K
  class space    used 19377K, capacity 21130K, committed 21632K, reserved 1048576K
}
Event: 2078.515 GC heap after
{Heap after GC invocations=149 (full 0):
 garbage-first heap   total 388096K, used 197690K [0x0000000080000000, 0x0000000100000000)
  region size 1024K, 3 young (3072K), 3 survivors (3072K)
 Metaspace       used 155834K, capacity 160602K, committed 161584K, reserved 1189888K
  class space    used 19377K, capacity 21130K, committed 21632K, reserved 1048576K
}
Event: 2078.595 GC heap before
{Heap before GC invocations=149 (full 0):
 garbage-first heap   total 388096K, used 212026K [0x0000000080000000, 0x0000000100000000)
  region size 1024K, 18 young (18432K), 3 survivors (3072K)
 Metaspace       used 155837K, capacity 160602K, committed 161584K, reserved 1189888K
  class space    used 19377K, capacity 21130K, committed 21632K, reserved 1048576K
}
Event: 2078.622 GC heap after
{Heap after GC invocations=150 (full 0):
 garbage-first heap   total 388096K, used 193306K [0x0000000080000000, 0x0000000100000000)
  region size 1024K, 1 young (1024K), 1 survivors (1024K)
 Metaspace       used 155837K, capacity 160602K, committed 161584K, reserved 1189888K
  class space    used 19377K, capacity 21130K, committed 21632K, reserved 1048576K
}
Event: 2079.115 GC heap before
{Heap before GC invocations=150 (full 0):
 garbage-first heap   total 388096K, used 226074K [0x0000000080000000, 0x0000000100000000)
  region size 1024K, 35 young (35840K), 1 survivors (1024K)
 Metaspace       used 155849K, capacity 160602K, committed 161584K, reserved 1189888K
  class space    used 19377K, capacity 21130K, committed 21632K, reserved 1048576K
}
Event: 2079.123 GC heap after
{Heap after GC invocations=151 (full 0):
 garbage-first heap   total 388096K, used 194213K [0x0000000080000000, 0x0000000100000000)
  region size 1024K, 2 young (2048K), 2 survivors (2048K)
 Metaspace       used 155849K, capacity 160602K, committed 161584K, reserved 1189888K
  class space    used 19377K, capacity 21130K, committed 21632K, reserved 1048576K
}
Event: 2777.352 GC heap before
{Heap before GC invocations=152 (full 0):
 garbage-first heap   total 388096K, used 308901K [0x0000000080000000, 0x0000000100000000)
  region size 1024K, 101 young (103424K), 2 survivors (2048K)
 Metaspace       used 156310K, capacity 161310K, committed 161840K, reserved 1189888K
  class space    used 19464K, capacity 21291K, committed 21632K, reserved 1048576K
}
Event: 2777.482 GC heap after
{Heap after GC invocations=153 (full 0):
 garbage-first heap   total 388096K, used 190323K [0x0000000080000000, 0x0000000100000000)
  region size 1024K, 9 young (9216K), 9 survivors (9216K)
 Metaspace       used 156310K, capacity 161310K, committed 161840K, reserved 1189888K
  class space    used 19464K, capacity 21291K, committed 21632K, reserved 1048576K
}
Event: 2777.800 GC heap before
{Heap before GC invocations=153 (full 0):
 garbage-first heap   total 388096K, used 198515K [0x0000000080000000, 0x0000000100000000)
  region size 1024K, 18 young (18432K), 9 survivors (9216K)
 Metaspace       used 156337K, capacity 161349K, committed 161840K, reserved 1189888K
  class space    used 19471K, capacity 21304K, committed 21632K, reserved 1048576K
}
Event: 2778.023 GC heap after
{Heap after GC invocations=154 (full 0):
 garbage-first heap   total 388096K, used 182672K [0x0000000080000000, 0x0000000100000000)
  region size 1024K, 2 young (2048K), 2 survivors (2048K)
 Metaspace       used 156337K, capacity 161349K, committed 161840K, reserved 1189888K
  class space    used 19471K, capacity 21304K, committed 21632K, reserved 1048576K
}
Event: 2790.301 GC heap before
{Heap before GC invocations=154 (full 0):
 garbage-first heap   total 388096K, used 198032K [0x0000000080000000, 0x0000000100000000)
  region size 1024K, 18 young (18432K), 2 survivors (2048K)
 Metaspace       used 156458K, capacity 161496K, committed 161840K, reserved 1189888K
  class space    used 19497K, capacity 21352K, committed 21632K, reserved 1048576K
}
Event: 2790.584 GC heap after
{Heap after GC invocations=155 (full 0):
 garbage-first heap   total 388096K, used 181864K [0x0000000080000000, 0x0000000100000000)
  region size 1024K, 2 young (2048K), 2 survivors (2048K)
 Metaspace       used 156458K, capacity 161496K, committed 161840K, reserved 1189888K
  class space    used 19497K, capacity 21352K, committed 21632K, reserved 1048576K
}
Event: 2792.908 GC heap before
{Heap before GC invocations=155 (full 0):
 garbage-first heap   total 388096K, used 225896K [0x0000000080000000, 0x0000000100000000)
  region size 1024K, 47 young (48128K), 2 survivors (2048K)
 Metaspace       used 156728K, capacity 161840K, committed 162096K, reserved 1189888K
  class space    used 19533K, capacity 21418K, committed 21632K, reserved 1048576K
}
Event: 2793.013 GC heap after
{Heap after GC invocations=156 (full 0):
 garbage-first heap   total 388096K, used 182577K [0x0000000080000000, 0x0000000100000000)
  region size 1024K, 3 young (3072K), 3 survivors (3072K)
 Metaspace       used 156728K, capacity 161840K, committed 162096K, reserved 1189888K
  class space    used 19533K, capacity 21418K, committed 21632K, reserved 1048576K
}

